[20-Jul-2016 08:38:32 UTC] PHP Warning:  include_once(controllers/login_checkLeona.php): failed to open stream: No such file or directory in /home/ubuntu/workspace/EasyMVC/views/display.php on line 82
[20-Jul-2016 08:38:32 UTC] PHP Stack trace:
[20-Jul-2016 08:38:32 UTC] PHP   1. {main}() /home/ubuntu/workspace/EasyMVC/views/display.php:0
[20-Jul-2016 08:38:32 UTC] PHP Warning:  include_once(): Failed opening 'controllers/login_checkLeona.php' for inclusion (include_path='.:/usr/share/php:/usr/share/pear') in /home/ubuntu/workspace/EasyMVC/views/display.php on line 82
[20-Jul-2016 08:38:32 UTC] PHP Stack trace:
[20-Jul-2016 08:38:32 UTC] PHP   1. {main}() /home/ubuntu/workspace/EasyMVC/views/display.php:0
[20-Jul-2016 08:38:32 UTC] PHP Fatal error:  Call to undefined function check() in /home/ubuntu/workspace/EasyMVC/views/display.php on line 84
[20-Jul-2016 08:38:32 UTC] PHP Stack trace:
[20-Jul-2016 08:38:32 UTC] PHP   1. {main}() /home/ubuntu/workspace/EasyMVC/views/display.php:0
[20-Jul-2016 08:45:11 UTC] PHP Warning:  include_once(controllers/login_checkLeona.php): failed to open stream: No such file or directory in /home/ubuntu/workspace/EasyMVC/views/display.php on line 82
[20-Jul-2016 08:45:11 UTC] PHP Stack trace:
[20-Jul-2016 08:45:11 UTC] PHP   1. {main}() /home/ubuntu/workspace/EasyMVC/views/display.php:0
[20-Jul-2016 08:45:11 UTC] PHP Warning:  include_once(): Failed opening 'controllers/login_checkLeona.php' for inclusion (include_path='.:/usr/share/php:/usr/share/pear') in /home/ubuntu/workspace/EasyMVC/views/display.php on line 82
[20-Jul-2016 08:45:11 UTC] PHP Stack trace:
[20-Jul-2016 08:45:11 UTC] PHP   1. {main}() /home/ubuntu/workspace/EasyMVC/views/display.php:0
[20-Jul-2016 08:45:11 UTC] PHP Fatal error:  Call to undefined function check() in /home/ubuntu/workspace/EasyMVC/views/display.php on line 84
[20-Jul-2016 08:45:11 UTC] PHP Stack trace:
[20-Jul-2016 08:45:11 UTC] PHP   1. {main}() /home/ubuntu/workspace/EasyMVC/views/display.php:0
[20-Jul-2016 08:45:32 UTC] PHP Warning:  include_once(controllers/login_checkLeona.php): failed to open stream: No such file or directory in /home/ubuntu/workspace/EasyMVC/views/display.php on line 82
[20-Jul-2016 08:45:32 UTC] PHP Stack trace:
[20-Jul-2016 08:45:32 UTC] PHP   1. {main}() /home/ubuntu/workspace/EasyMVC/views/display.php:0
[20-Jul-2016 08:45:32 UTC] PHP Warning:  include_once(): Failed opening 'controllers/login_checkLeona.php' for inclusion (include_path='.:/usr/share/php:/usr/share/pear') in /home/ubuntu/workspace/EasyMVC/views/display.php on line 82
[20-Jul-2016 08:45:32 UTC] PHP Stack trace:
[20-Jul-2016 08:45:32 UTC] PHP   1. {main}() /home/ubuntu/workspace/EasyMVC/views/display.php:0
[20-Jul-2016 08:45:32 UTC] PHP Fatal error:  Call to undefined function check() in /home/ubuntu/workspace/EasyMVC/views/display.php on line 84
[20-Jul-2016 08:45:32 UTC] PHP Stack trace:
[20-Jul-2016 08:45:32 UTC] PHP   1. {main}() /home/ubuntu/workspace/EasyMVC/views/display.php:0
[20-Jul-2016 08:46:43 UTC] PHP Warning:  include_once(controllers/login_checkLeona.php): failed to open stream: No such file or directory in /home/ubuntu/workspace/EasyMVC/views/display.php on line 82
[20-Jul-2016 08:46:43 UTC] PHP Stack trace:
[20-Jul-2016 08:46:43 UTC] PHP   1. {main}() /home/ubuntu/workspace/EasyMVC/views/display.php:0
[20-Jul-2016 08:46:43 UTC] PHP Warning:  include_once(): Failed opening 'controllers/login_checkLeona.php' for inclusion (include_path='.:/usr/share/php:/usr/share/pear') in /home/ubuntu/workspace/EasyMVC/views/display.php on line 82
[20-Jul-2016 08:46:43 UTC] PHP Stack trace:
[20-Jul-2016 08:46:43 UTC] PHP   1. {main}() /home/ubuntu/workspace/EasyMVC/views/display.php:0
[20-Jul-2016 08:46:43 UTC] PHP Fatal error:  Call to undefined function check() in /home/ubuntu/workspace/EasyMVC/views/display.php on line 84
[20-Jul-2016 08:46:43 UTC] PHP Stack trace:
[20-Jul-2016 08:46:43 UTC] PHP   1. {main}() /home/ubuntu/workspace/EasyMVC/views/display.php:0
[20-Jul-2016 08:47:12 UTC] PHP Warning:  include_once(controllers/login_checkLeona.php): failed to open stream: No such file or directory in /home/ubuntu/workspace/EasyMVC/views/display.php on line 82
[20-Jul-2016 08:47:12 UTC] PHP Stack trace:
[20-Jul-2016 08:47:12 UTC] PHP   1. {main}() /home/ubuntu/workspace/EasyMVC/views/display.php:0
[20-Jul-2016 08:47:12 UTC] PHP Warning:  include_once(): Failed opening 'controllers/login_checkLeona.php' for inclusion (include_path='.:/usr/share/php:/usr/share/pear') in /home/ubuntu/workspace/EasyMVC/views/display.php on line 82
[20-Jul-2016 08:47:12 UTC] PHP Stack trace:
[20-Jul-2016 08:47:12 UTC] PHP   1. {main}() /home/ubuntu/workspace/EasyMVC/views/display.php:0
[20-Jul-2016 08:47:12 UTC] PHP Fatal error:  Call to undefined function check() in /home/ubuntu/workspace/EasyMVC/views/display.php on line 84
[20-Jul-2016 08:47:12 UTC] PHP Stack trace:
[20-Jul-2016 08:47:12 UTC] PHP   1. {main}() /home/ubuntu/workspace/EasyMVC/views/display.php:0
[20-Jul-2016 09:47:50 UTC] PHP Warning:  include_once(models/check_login.php): failed to open stream: No such file or directory in /home/ubuntu/workspace/EasyMVC/controllers/login_outLeona.php on line 4
[20-Jul-2016 09:47:50 UTC] PHP Stack trace:
[20-Jul-2016 09:47:50 UTC] PHP   1. {main}() /home/ubuntu/workspace/EasyMVC/controllers/login_outLeona.php:0
[20-Jul-2016 09:47:50 UTC] PHP Warning:  include_once(): Failed opening 'models/check_login.php' for inclusion (include_path='.:/usr/share/php:/usr/share/pear') in /home/ubuntu/workspace/EasyMVC/controllers/login_outLeona.php on line 4
[20-Jul-2016 09:47:50 UTC] PHP Stack trace:
[20-Jul-2016 09:47:50 UTC] PHP   1. {main}() /home/ubuntu/workspace/EasyMVC/controllers/login_outLeona.php:0
[20-Jul-2016 09:48:16 UTC] PHP Warning:  include_once(../controllers/login_check.php): failed to open stream: No such file or directory in /home/ubuntu/workspace/EasyMVC/views/joinus.php on line 78
[20-Jul-2016 09:48:16 UTC] PHP Stack trace:
[20-Jul-2016 09:48:16 UTC] PHP   1. {main}() /home/ubuntu/workspace/EasyMVC/views/joinus.php:0
[20-Jul-2016 09:48:16 UTC] PHP Warning:  include_once(): Failed opening '../controllers/login_check.php' for inclusion (include_path='.:/usr/share/php:/usr/share/pear') in /home/ubuntu/workspace/EasyMVC/views/joinus.php on line 78
[20-Jul-2016 09:48:16 UTC] PHP Stack trace:
[20-Jul-2016 09:48:16 UTC] PHP   1. {main}() /home/ubuntu/workspace/EasyMVC/views/joinus.php:0
[20-Jul-2016 09:48:16 UTC] PHP Fatal error:  Call to undefined function check() in /home/ubuntu/workspace/EasyMVC/views/joinus.php on line 80
[20-Jul-2016 09:48:16 UTC] PHP Stack trace:
[20-Jul-2016 09:48:16 UTC] PHP   1. {main}() /home/ubuntu/workspace/EasyMVC/views/joinus.php:0
[20-Jul-2016 09:48:17 UTC] PHP Warning:  include_once(../controllers/login_check.php): failed to open stream: No such file or directory in /home/ubuntu/workspace/EasyMVC/views/joinus.php on line 78
[20-Jul-2016 09:48:17 UTC] PHP Stack trace:
[20-Jul-2016 09:48:17 UTC] PHP   1. {main}() /home/ubuntu/workspace/EasyMVC/views/joinus.php:0
[20-Jul-2016 09:48:17 UTC] PHP Warning:  include_once(): Failed opening '../controllers/login_check.php' for inclusion (include_path='.:/usr/share/php:/usr/share/pear') in /home/ubuntu/workspace/EasyMVC/views/joinus.php on line 78
[20-Jul-2016 09:48:17 UTC] PHP Stack trace:
[20-Jul-2016 09:48:17 UTC] PHP   1. {main}() /home/ubuntu/workspace/EasyMVC/views/joinus.php:0
[20-Jul-2016 09:48:17 UTC] PHP Fatal error:  Call to undefined function check() in /home/ubuntu/workspace/EasyMVC/views/joinus.php on line 80
[20-Jul-2016 09:48:17 UTC] PHP Stack trace:
[20-Jul-2016 09:48:17 UTC] PHP   1. {main}() /home/ubuntu/workspace/EasyMVC/views/joinus.php:0
[20-Jul-2016 10:00:41 UTC] PHP Warning:  include_once(../controllers/login_check.php): failed to open stream: No such file or directory in /home/ubuntu/workspace/EasyMVC/views/factory.php on line 77
[20-Jul-2016 10:00:41 UTC] PHP Stack trace:
[20-Jul-2016 10:00:41 UTC] PHP   1. {main}() /home/ubuntu/workspace/EasyMVC/views/factory.php:0
[20-Jul-2016 10:00:41 UTC] PHP Warning:  include_once(): Failed opening '../controllers/login_check.php' for inclusion (include_path='.:/usr/share/php:/usr/share/pear') in /home/ubuntu/workspace/EasyMVC/views/factory.php on line 77
[20-Jul-2016 10:00:41 UTC] PHP Stack trace:
[20-Jul-2016 10:00:41 UTC] PHP   1. {main}() /home/ubuntu/workspace/EasyMVC/views/factory.php:0
[20-Jul-2016 10:00:41 UTC] PHP Fatal error:  Call to undefined function check() in /home/ubuntu/workspace/EasyMVC/views/factory.php on line 79
[20-Jul-2016 10:00:41 UTC] PHP Stack trace:
[20-Jul-2016 10:00:41 UTC] PHP   1. {main}() /home/ubuntu/workspace/EasyMVC/views/factory.php:0
[20-Jul-2016 10:30:19 UTC] PHP Warning:  include_once(controllers/login_checkLeona.php): failed to open stream: No such file or directory in /home/ubuntu/workspace/EasyMVC/views/display.php on line 82
[20-Jul-2016 10:30:19 UTC] PHP Stack trace:
[20-Jul-2016 10:30:19 UTC] PHP   1. {main}() /home/ubuntu/workspace/EasyMVC/views/display.php:0
[20-Jul-2016 10:30:19 UTC] PHP Warning:  include_once(): Failed opening 'controllers/login_checkLeona.php' for inclusion (include_path='.:/usr/share/php:/usr/share/pear') in /home/ubuntu/workspace/EasyMVC/views/display.php on line 82
[20-Jul-2016 10:30:19 UTC] PHP Stack trace:
[20-Jul-2016 10:30:19 UTC] PHP   1. {main}() /home/ubuntu/workspace/EasyMVC/views/display.php:0
[20-Jul-2016 10:30:19 UTC] PHP Fatal error:  Call to undefined function check() in /home/ubuntu/workspace/EasyMVC/views/display.php on line 84
[20-Jul-2016 10:30:19 UTC] PHP Stack trace:
[20-Jul-2016 10:30:19 UTC] PHP   1. {main}() /home/ubuntu/workspace/EasyMVC/views/display.php:0
[20-Jul-2016 11:11:22 UTC] PHP Warning:  include_once(controllers/login_checkLeona.php): failed to open stream: No such file or directory in /home/ubuntu/workspace/EasyMVC/views/display.php on line 82
[20-Jul-2016 11:11:22 UTC] PHP Stack trace:
[20-Jul-2016 11:11:22 UTC] PHP   1. {main}() /home/ubuntu/workspace/EasyMVC/views/display.php:0
[20-Jul-2016 11:11:22 UTC] PHP Warning:  include_once(): Failed opening 'controllers/login_checkLeona.php' for inclusion (include_path='.:/usr/share/php:/usr/share/pear') in /home/ubuntu/workspace/EasyMVC/views/display.php on line 82
[20-Jul-2016 11:11:22 UTC] PHP Stack trace:
[20-Jul-2016 11:11:22 UTC] PHP   1. {main}() /home/ubuntu/workspace/EasyMVC/views/display.php:0
[20-Jul-2016 11:11:22 UTC] PHP Fatal error:  Call to undefined function check() in /home/ubuntu/workspace/EasyMVC/views/display.php on line 84
[20-Jul-2016 11:11:22 UTC] PHP Stack trace:
[20-Jul-2016 11:11:22 UTC] PHP   1. {main}() /home/ubuntu/workspace/EasyMVC/views/display.php:0
[21-Jul-2016 00:35:18 UTC] PHP Warning:  include_once(controllers/indexLeona.php): failed to open stream: No such file or directory in /home/ubuntu/workspace/gitlab/small_project/project_MVC/views/index.php on line 81
[21-Jul-2016 00:35:18 UTC] PHP Stack trace:
[21-Jul-2016 00:35:18 UTC] PHP   1. {main}() /home/ubuntu/workspace/gitlab/small_project/project_MVC/views/index.php:0
[21-Jul-2016 00:35:18 UTC] PHP Warning:  include_once(): Failed opening 'controllers/indexLeona.php' for inclusion (include_path='.:/usr/share/php:/usr/share/pear') in /home/ubuntu/workspace/gitlab/small_project/project_MVC/views/index.php on line 81
[21-Jul-2016 00:35:18 UTC] PHP Stack trace:
[21-Jul-2016 00:35:18 UTC] PHP   1. {main}() /home/ubuntu/workspace/gitlab/small_project/project_MVC/views/index.php:0
[21-Jul-2016 00:35:18 UTC] PHP Fatal error:  Class 'indexLeona' not found in /home/ubuntu/workspace/gitlab/small_project/project_MVC/views/index.php on line 83
[21-Jul-2016 00:35:18 UTC] PHP Stack trace:
[21-Jul-2016 00:35:18 UTC] PHP   1. {main}() /home/ubuntu/workspace/gitlab/small_project/project_MVC/views/index.php:0
[21-Jul-2016 00:35:18 UTC] PHP Warning:  include_once(controllers/indexLeona.php): failed to open stream: No such file or directory in /home/ubuntu/workspace/gitlab/small_project/project_MVC/views/index.php on line 81
[21-Jul-2016 00:35:18 UTC] PHP Stack trace:
[21-Jul-2016 00:35:18 UTC] PHP   1. {main}() /home/ubuntu/workspace/gitlab/small_project/project_MVC/views/index.php:0
[21-Jul-2016 00:35:18 UTC] PHP Warning:  include_once(): Failed opening 'controllers/indexLeona.php' for inclusion (include_path='.:/usr/share/php:/usr/share/pear') in /home/ubuntu/workspace/gitlab/small_project/project_MVC/views/index.php on line 81
[21-Jul-2016 00:35:18 UTC] PHP Stack trace:
[21-Jul-2016 00:35:18 UTC] PHP   1. {main}() /home/ubuntu/workspace/gitlab/small_project/project_MVC/views/index.php:0
[21-Jul-2016 00:35:18 UTC] PHP Fatal error:  Class 'indexLeona' not found in /home/ubuntu/workspace/gitlab/small_project/project_MVC/views/index.php on line 83
[21-Jul-2016 00:35:18 UTC] PHP Stack trace:
[21-Jul-2016 00:35:18 UTC] PHP   1. {main}() /home/ubuntu/workspace/gitlab/small_project/project_MVC/views/index.php:0
